[14:21:07.742 Verbose] - BuildManager - C:\Users\Georgia Thomson\Documents\GitHub\AUT-Market\AUT-Market\AUT-Market\AUT-Market\ViewModel\SearchViewModel.cs(25,42): error CS0029: Cannot implicitly convert type 'System.Collections.Generic.List<AUT_Market.Book>' to 'System.Collections.Generic.List<string>'
[14:21:07.742 Verbose] - BuildManager - C:\Users\Georgia Thomson\Documents\GitHub\AUT-Market\AUT-Market\AUT-Market\AUT-Market\ViewModel\SearchViewModel.cs(22,37): error CS1061: 'object' does not contain a definition for 'GetSearchResults' and no accessible extension method 'GetSearchResults' accepting a first argument of type 'object' could be found (are you missing a using directive or an assembly reference?)
[14:21:07.755 Verbose] - BuildManager - Some of the file paths defined in the csproj under the Live Unit Testing build path are missing. Verify whether these files should be present under the Live Unit Testing build path and if necessary update the csproj definition to look these files up in a different place.
[14:21:07.758 Verbose] - BuildManager - Item _OutputPathItem 'C:\Users\Georgia Thomson\Documents\GitHub\AUT-Market\AUT-Market\.vs\AUT-Market\v16\lut\0\b\AUT-Market\Debug\netstandard2.0\' evaluated via:
_OutputPathItem: '$(OutDir)' @ C:\Program Files (x86)\Microsoft Visual Studio\2019\Enterprise\MSBuild\Current\Bin\Microsoft.Common.CurrentVersion.targets:272
  OutDir: '$(OutputPath)' @ C:\Program Files (x86)\Microsoft Visual Studio\2019\Enterprise\MSBuild\Current\Bin\Microsoft.Common.CurrentVersion.targets:193
    OutputPath: '$(OutputPath)$(TargetFramework.ToLowerInvariant())\' @ C:\Program Files\dotnet\sdk\3.1.202\Sdks\Microsoft.NET.Sdk\targets\Microsoft.NET.TargetFrameworkInference.targets:186
      OutputPath: '$(BaseOutputPath)$(Configuration)\' @ C:\Program Files\dotnet\sdk\3.1.202\Sdks\Microsoft.NET.Sdk\targets\Microsoft.NET.DefaultOutputPaths.targets:33
        BaseOutputPath: 'C:\Users\Georgia Thomson\Documents\GitHub\AUT-Market\AUT-Market\.vs\AUT-Market\v16\lut\0\b\AUT-Market\' @ C:\Users\Georgia Thomson\Documents\GitHub\AUT-Market\AUT-Market\AUT-Market\AUT-Market\AUT-Market.csproj:0
        Configuration: 'Debug'
[14:21:07.758 Verbose] - BuildManager - Item AppConfigFileDestination 'C:\Users\Georgia Thomson\Documents\GitHub\AUT-Market\AUT-Market\.vs\AUT-Market\v16\lut\0\b\AUT-Market\Debug\netstandard2.0\AUT-Market.dll.config' evaluated via:
AppConfigFileDestination: '$(OutDir)$(TargetFileName).config' @ C:\Program Files (x86)\Microsoft Visual Studio\2019\Enterprise\MSBuild\Current\Bin\Microsoft.Common.CurrentVersion.targets:303
  OutDir: '$(OutputPath)' @ C:\Program Files (x86)\Microsoft Visual Studio\2019\Enterprise\MSBuild\Current\Bin\Microsoft.Common.CurrentVersion.targets:193
    OutputPath: '$(OutputPath)$(TargetFramework.ToLowerInvariant())\' @ C:\Program Files\dotnet\sdk\3.1.202\Sdks\Microsoft.NET.Sdk\targets\Microsoft.NET.TargetFrameworkInference.targets:186
      OutputPath: '$(BaseOutputPath)$(Configuration)\' @ C:\Program Files\dotnet\sdk\3.1.202\Sdks\Microsoft.NET.Sdk\targets\Microsoft.NET.DefaultOutputPaths.targets:33
        BaseOutputPath: 'C:\Users\Georgia Thomson\Documents\GitHub\AUT-Market\AUT-Market\.vs\AUT-Market\v16\lut\0\b\AUT-Market\' @ C:\Users\Georgia Thomson\Documents\GitHub\AUT-Market\AUT-Market\AUT-Market\AUT-Market\AUT-Market.csproj:0
        Configuration: 'Debug'
  TargetFileName: '$(TargetName)$(TargetExt)' @ C:\Program Files (x86)\Microsoft Visual Studio\2019\Enterprise\MSBuild\Current\Bin\Microsoft.Common.CurrentVersion.targets:212
    TargetName: '$(AssemblyName)' @ C:\Program Files (x86)\Microsoft Visual Studio\2019\Enterprise\MSBuild\Current\Bin\Microsoft.Common.CurrentVersion.targets:204
      AssemblyName: '$(MSBuildProjectName)' @ C:\Program Files\dotnet\sdk\3.1.202\Sdks\Microsoft.NET.Sdk\targets\Microsoft.NET.Sdk.props:32
        MSBuildProjectName: 'AUT-Market'
    TargetExt: '.dll' @ C:\Program Files\dotnet\sdk\3.1.202\Sdks\Microsoft.NET.Sdk\targets\Microsoft.NET.Sdk.BeforeCommon.targets:82
[14:21:07.759 Verbose] - BuildManager - Item CreateDirectory 'C:\Users\Georgia Thomson\Documents\GitHub\AUT-Market\AUT-Market\.vs\AUT-Market\v16\lut\0\b\AUT-Market\Debug\netstandard2.0\ref' evaluated via:
CreateDirectory: '$(OutDir)ref' @ C:\Program Files (x86)\Microsoft Visual Studio\2019\Enterprise\MSBuild\Current\Bin\Microsoft.Common.CurrentVersion.targets:366
  OutDir: '$(OutputPath)' @ C:\Program Files (x86)\Microsoft Visual Studio\2019\Enterprise\MSBuild\Current\Bin\Microsoft.Common.CurrentVersion.targets:193
    OutputPath: '$(OutputPath)$(TargetFramework.ToLowerInvariant())\' @ C:\Program Files\dotnet\sdk\3.1.202\Sdks\Microsoft.NET.Sdk\targets\Microsoft.NET.TargetFrameworkInference.targets:186
      OutputPath: '$(BaseOutputPath)$(Configuration)\' @ C:\Program Files\dotnet\sdk\3.1.202\Sdks\Microsoft.NET.Sdk\targets\Microsoft.NET.DefaultOutputPaths.targets:33
        BaseOutputPath: 'C:\Users\Georgia Thomson\Documents\GitHub\AUT-Market\AUT-Market\.vs\AUT-Market\v16\lut\0\b\AUT-Market\' @ C:\Users\Georgia Thomson\Documents\GitHub\AUT-Market\AUT-Market\AUT-Market\AUT-Market\AUT-Market.csproj:0
        Configuration: 'Debug'
[14:21:07.766 Verbose] - BuildManager - Item _DebugSymbolsOutputPath 'C:\Users\Georgia Thomson\Documents\GitHub\AUT-Market\AUT-Market\.vs\AUT-Market\v16\lut\0\b\AUT-Market\Debug\netstandard2.0\AUT-Market.pdb' evaluated via:
_DebugSymbolsOutputPath: '@(_DebugSymbolsIntermediatePath->'$(OutDir)%(Filename)%(Extension)')' @ C:\Program Files (x86)\Microsoft Visual Studio\2019\Enterprise\MSBuild\Current\Bin\Microsoft.Common.CurrentVersion.targets:372
  OutDir: '$(OutputPath)' @ C:\Program Files (x86)\Microsoft Visual Studio\2019\Enterprise\MSBuild\Current\Bin\Microsoft.Common.CurrentVersion.targets:193
    OutputPath: '$(OutputPath)$(TargetFramework.ToLowerInvariant())\' @ C:\Program Files\dotnet\sdk\3.1.202\Sdks\Microsoft.NET.Sdk\targets\Microsoft.NET.TargetFrameworkInference.targets:186
      OutputPath: '$(BaseOutputPath)$(Configuration)\' @ C:\Program Files\dotnet\sdk\3.1.202\Sdks\Microsoft.NET.Sdk\targets\Microsoft.NET.DefaultOutputPaths.targets:33
        BaseOutputPath: 'C:\Users\Georgia Thomson\Documents\GitHub\AUT-Market\AUT-Market\.vs\AUT-Market\v16\lut\0\b\AUT-Market\' @ C:\Users\Georgia Thomson\Documents\GitHub\AUT-Market\AUT-Market\AUT-Market\AUT-Market\AUT-Market.csproj:0
        Configuration: 'Debug'
[14:21:07.766 Verbose] - BuildManager - Item _ApplicationManifestFinal 'C:\Users\Georgia Thomson\Documents\GitHub\AUT-Market\AUT-Market\.vs\AUT-Market\v16\lut\0\b\AUT-Market\Debug\netstandard2.0\Native.AUT-Market.manifest' evaluated via:
_ApplicationManifestFinal: '$(OutDir)$(_DeploymentTargetApplicationManifestFileName)' @ C:\Program Files (x86)\Microsoft Visual Studio\2019\Enterprise\MSBuild\Current\Bin\Microsoft.Common.CurrentVersion.targets:410
  OutDir: '$(OutputPath)' @ C:\Program Files (x86)\Microsoft Visual Studio\2019\Enterprise\MSBuild\Current\Bin\Microsoft.Common.CurrentVersion.targets:193
    OutputPath: '$(OutputPath)$(TargetFramework.ToLowerInvariant())\' @ C:\Program Files\dotnet\sdk\3.1.202\Sdks\Microsoft.NET.Sdk\targets\Microsoft.NET.TargetFrameworkInference.targets:186
      OutputPath: '$(BaseOutputPath)$(Configuration)\' @ C:\Program Files\dotnet\sdk\3.1.202\Sdks\Microsoft.NET.Sdk\targets\Microsoft.NET.DefaultOutputPaths.targets:33
        BaseOutputPath: 'C:\Users\Georgia Thomson\Documents\GitHub\AUT-Market\AUT-Market\.vs\AUT-Market\v16\lut\0\b\AUT-Market\' @ C:\Users\Georgia Thomson\Documents\GitHub\AUT-Market\AUT-Market\AUT-Market\AUT-Market\AUT-Market.csproj:0
        Configuration: 'Debug'
  _DeploymentTargetApplicationManifestFileName: 'Native.$(AssemblyName).manifest' @ C:\Program Files (x86)\Microsoft Visual Studio\2019\Enterprise\MSBuild\Current\Bin\Microsoft.Common.CurrentVersion.targets:228
    AssemblyName: '$(MSBuildProjectName)' @ C:\Program Files\dotnet\sdk\3.1.202\Sdks\Microsoft.NET.Sdk\targets\Microsoft.NET.Sdk.props:32
      MSBuildProjectName: 'AUT-Market'
